<?xml version="1.0" encoding="UTF-8"?>
<testng-results total="1" passed="1" failed="0" skipped="0">
  <reporter-output>
  </reporter-output>
  <suite started-at="2024-11-30T11:09:50Z" name="Default suite" finished-at="2024-11-30T11:10:00Z" duration-ms="10395">
    <groups>
    </groups>
    <test started-at="2024-11-30T11:09:50Z" name="Default test" finished-at="2024-11-30T11:10:00Z" duration-ms="10395">
      <class name="orobatask.LoginTestWithExtentReport">
        <test-method is-config="true" signature="setUp()[pri:0, instance:orobatask.LoginTestWithExtentReport@531f4093]" started-at="2024-11-30T13:09:50Z" name="setUp" finished-at="2024-11-30T13:09:52Z" duration-ms="1996" status="PASS">
          <reporter-output>
          </reporter-output>
        </test-method> <!-- setUp -->
        <test-method signature="testLogin()[pri:0, instance:orobatask.LoginTestWithExtentReport@531f4093]" started-at="2024-11-30T13:09:52Z" name="testLogin" finished-at="2024-11-30T13:10:00Z" duration-ms="7930" status="PASS">
          <reporter-output>
          </reporter-output>
        </test-method> <!-- testLogin -->
        <test-method is-config="true" signature="tearDown()[pri:0, instance:orobatask.LoginTestWithExtentReport@531f4093]" started-at="2024-11-30T13:10:00Z" name="tearDown" finished-at="2024-11-30T13:10:00Z" duration-ms="345" status="PASS">
          <reporter-output>
          </reporter-output>
        </test-method> <!-- tearDown -->
      </class> <!-- orobatask.LoginTestWithExtentReport -->
    </test> <!-- Default test -->
  </suite> <!-- Default suite -->
</testng-results>
